#
# A fatal error has been detected by the Java Runtime Environment:
#
#  EXCEPTION_ACCESS_VIOLATION (0xc0000005) at pc=0x000000006a5d5ac1, pid=6168, tid=6292
#
# JRE version: 6.0_25-b06
# Java VM: Java HotSpot(TM) 64-Bit Server VM (20.0-b11 mixed mode windows-amd64 compressed oops)
# Problematic frame:
# C  [gdx-64.dll+0x15ac1]
#
# If you would like to submit a bug report, please visit:
#   http://java.sun.com/webapps/bugreport/crash.jsp
# The crash happened outside the Java Virtual Machine in native code.
# See problematic frame for where to report the bug.
#

---------------  T H R E A D  ---------------

Current thread (0x0000000006485800):  JavaThread "AWT-EventQueue-0" [_thread_in_native, id=6292, stack(0x0000000007ff0000,0x00000000080f0000)]

siginfo: ExceptionCode=0xc0000005, reading address 0xffffffffffffffff

Registers:
RAX=0x000000006a620046, RBX=0x000000000ab55870, RCX=0x000000000a82e8e0, RDX=0x000000000a896c80
RSP=0x00000000080ee5a0, RBP=0x00000000080ee660, RSI=0x000000000a896c80, RDI=0x00000000080ee660
R8 =0x000000000a7a7f40, R9 =0x00000000080ee660, R10=0x0000000002521339, R11=0x000000006d9f24f0
R12=0x0000000000000000, R13=0x00000000bcd50588, R14=0x00000000080ee780, R15=0x0000000006485800
RIP=0x000000006a5d5ac1, EFLAGS=0x0000000000010206

Top of Stack: (sp=0x00000000080ee5a0)
0x00000000080ee5a0:   00000000eba7f808 00000000080ee5a8
0x00000000080ee5b0:   00000000bccba161 00000000080ee5f8
0x00000000080ee5c0:   000000000a7a7f40 000000000a7a7f40
0x00000000080ee5d0:   000000000a896c80 000000000ab55870
0x00000000080ee5e0:   00000000080ee660 000000006a5c8879
0x00000000080ee5f0:   0000000002515b22 00000000eba7f808
0x00000000080ee600:   00000000eba7f808 00000000eba7f5d8
0x00000000080ee610:   00000000080ee610 00000000bcd50588
0x00000000080ee620:   00000000bccbbe40 0000000002515a0e
0x00000000080ee630:   00000000080ee738 000000006a5c896c
0x00000000080ee640:   0000000000000000 fdfca91ae0c8cf40
0x00000000080ee650:   00000000080ee6c8 fdfca9e71c61d5a0
0x00000000080ee660:   000000000a82e8e0 0000000000000000
0x00000000080ee670:   000000003e4ccccd 0001000000000000
0x00000000080ee680:   000000000000ffff 0000000000000000
0x00000000080ee690:   00000000bcd439d8 0000000002521366 

Instructions: (pc=0x000000006a5d5ac1)
0x000000006a5d5aa1:   41 24 41 8b 41 1e 89 41 34 41 0f b7 41 22 66 89
0x000000006a5d5ab1:   41 38 41 0f b6 41 1c 88 41 3a 49 8b 09 48 8b 01
0x000000006a5d5ac1:   ff 50 10 48 8b 10 48 89 c1 48 89 43 18 ff 52 18
0x000000006a5d5ad1:   89 c2 89 c5 48 89 f1 c1 e2 05 e8 10 21 ff ff 85 


Register to memory mapping:

RAX=0x000000006a620046 is an unknown value
RBX=0x000000000ab55870 is an unknown value
RCX=0x000000000a82e8e0 is an unknown value
RDX=0x000000000a896c80 is an unknown value
RSP=0x00000000080ee5a0 is pointing into the stack for thread: 0x0000000006485800
RBP=0x00000000080ee660 is pointing into the stack for thread: 0x0000000006485800
RSI=0x000000000a896c80 is an unknown value
RDI=0x00000000080ee660 is pointing into the stack for thread: 0x0000000006485800
R8 =0x000000000a7a7f40 is an unknown value
R9 =0x00000000080ee660 is pointing into the stack for thread: 0x0000000006485800
R10=0x0000000002521339 is an Interpreter codelet
method entry point (kind = native)  [0x00000000025210c0, 0x0000000002521940]  2176 bytes
R11=0x000000006d9f24f0 is an unknown value
R12=0x0000000000000000 is an unknown value
R13=0x00000000bcd50588 is an oop
{method} 
 - klass: {other class}
R14=0x00000000080ee780 is pointing into the stack for thread: 0x0000000006485800
R15=0x0000000006485800 is a thread


Stack: [0x0000000007ff0000,0x00000000080f0000],  sp=0x00000000080ee5a0,  free space=1017k
Native frames: (J=compiled Java code, j=interpreted, Vv=VM code, C=native code)
C  [gdx-64.dll+0x15ac1]  Java_com_badlogic_gdx_physics_box2d_World_getVelocityThreshold+0xe071

Java frames: (J=compiled Java code, j=interpreted, Vv=VM code)
j  com.badlogic.gdx.physics.box2d.Body.jniCreateFixture(JJF)J+0
j  com.badlogic.gdx.physics.box2d.Body.createFixture(Lcom/badlogic/gdx/physics/box2d/Shape;F)Lcom/badlogic/gdx/physics/box2d/Fixture;+10
j  com.ahmet.b2d.Game.createPhysicsWorld()V+318
j  com.ahmet.b2d.Game.create()V+113
j  com.badlogic.gdx.backends.jogl.JoglGraphics.init(Ljavax/media/opengl/GLAutoDrawable;)V+27
j  com.sun.opengl.impl.GLDrawableHelper.init(Ljavax/media/opengl/GLAutoDrawable;)V+29
j  javax.media.opengl.GLCanvas$InitAction.run()V+11
j  com.sun.opengl.impl.GLDrawableHelper.invokeGL(Ljavax/media/opengl/GLDrawable;Ljavax/media/opengl/GLContext;Ljava/lang/Runnable;Ljava/lang/Runnable;)V+370
j  javax.media.opengl.GLCanvas$DisplayOnEventDispatchThreadAction.run()V+35
j  java.awt.event.InvocationEvent.dispatch()V+11
j  java.awt.EventQueue.dispatchEventImpl(Ljava/awt/AWTEvent;Ljava/lang/Object;)V+21
j  java.awt.EventQueue.access$000(Ljava/awt/EventQueue;Ljava/awt/AWTEvent;Ljava/lang/Object;)V+3
j  java.awt.EventQueue$1.run()Ljava/lang/Void;+12
j  java.awt.EventQueue$1.run()Ljava/lang/Object;+1
v  ~StubRoutines::call_stub
j  java.security.AccessController.doPrivileged(Ljava/security/PrivilegedAction;Ljava/security/AccessControlContext;)Ljava/lang/Object;+0
j  java.security.AccessControlContext$1.doIntersectionPrivilege(Ljava/security/PrivilegedAction;Ljava/security/AccessControlContext;Ljava/security/AccessControlContext;)Ljava/lang/Object;+28
j  java.awt.EventQueue.dispatchEvent(Ljava/awt/AWTEvent;)V+46
j  java.awt.EventDispatchThread.pumpOneEventForFilters(I)Z+204
j  java.awt.EventDispatchThread.pumpEventsForFilter(ILjava/awt/Conditional;Ljava/awt/EventFilter;)V+30
j  java.awt.EventDispatchThread.pumpEventsForHierarchy(ILjava/awt/Conditional;Ljava/awt/Component;)V+11
j  java.awt.EventDispatchThread.pumpEvents(ILjava/awt/Conditional;)V+4
j  java.awt.EventDispatchThread.pumpEvents(Ljava/awt/Conditional;)V+3
j  java.awt.EventDispatchThread.run()V+9
v  ~StubRoutines::call_stub

---------------  P R O C E S S  ---------------

Java Threads: ( => current thread )
  0x000000000a956000 JavaThread "D3D Screen Updater" daemon [_thread_blocked, id=6860, stack(0x000000000d0f0000,0x000000000d1f0000)]
  0x00000000003db800 JavaThread "DestroyJavaVM" [_thread_blocked, id=1880, stack(0x0000000002410000,0x0000000002510000)]
  0x0000000007b6e800 JavaThread "Thread-3" [_thread_blocked, id=6904, stack(0x000000000c610000,0x000000000c710000)]
=>0x0000000006485800 JavaThread "AWT-EventQueue-0" [_thread_in_native, id=6292, stack(0x0000000007ff0000,0x00000000080f0000)]
  0x0000000006450000 JavaThread "AWT-Windows" daemon [_thread_in_native, id=4144, stack(0x0000000007ef0000,0x0000000007ff0000)]
  0x000000000644f800 JavaThread "AWT-Shutdown" [_thread_blocked, id=4620, stack(0x0000000007df0000,0x0000000007ef0000)]
  0x000000000644e800 JavaThread "Java2D Disposer" daemon [_thread_blocked, id=4816, stack(0x0000000007c50000,0x0000000007d50000)]
  0x0000000006390000 JavaThread "Low Memory Detector" daemon [_thread_blocked, id=4728, stack(0x0000000007460000,0x0000000007560000)]
  0x0000000006385000 JavaThread "C2 CompilerThread1" daemon [_thread_blocked, id=5512, stack(0x0000000007360000,0x0000000007460000)]
  0x000000000636b000 JavaThread "C2 CompilerThread0" daemon [_thread_blocked, id=6812, stack(0x0000000007260000,0x0000000007360000)]
  0x000000000636a000 JavaThread "Attach Listener" daemon [_thread_blocked, id=6672, stack(0x0000000007160000,0x0000000007260000)]
  0x0000000006369000 JavaThread "Signal Dispatcher" daemon [_thread_blocked, id=6092, stack(0x0000000007060000,0x0000000007160000)]
  0x0000000006318000 JavaThread "Finalizer" daemon [_thread_blocked, id=3528, stack(0x0000000006f60000,0x0000000007060000)]
  0x0000000006312000 JavaThread "Reference Handler" daemon [_thread_blocked, id=5848, stack(0x0000000006e60000,0x0000000006f60000)]

Other Threads:
  0x0000000006306000 VMThread [stack: 0x0000000006d60000,0x0000000006e60000] [id=608]
  0x00000000063a9800 WatcherThread [stack: 0x0000000007560000,0x0000000007660000] [id=6440]

VM state:not at safepoint (normal execution)

VM Mutex/Monitor currently owned by a thread: None

Heap
 PSYoungGen      total 18816K, used 10261K [0x00000000eb0b0000, 0x00000000ec5a0000, 0x0000000100000000)
  eden space 16192K, 63% used [0x00000000eb0b0000,0x00000000ebab5558,0x00000000ec080000)
  from space 2624K, 0% used [0x00000000ec310000,0x00000000ec310000,0x00000000ec5a0000)
  to   space 2624K, 0% used [0x00000000ec080000,0x00000000ec080000,0x00000000ec310000)
 PSOldGen        total 42944K, used 0K [0x00000000c1200000, 0x00000000c3bf0000, 0x00000000eb0b0000)
  object space 42944K, 0% used [0x00000000c1200000,0x00000000c1200000,0x00000000c3bf0000)
 PSPermGen       total 21248K, used 13693K [0x00000000bc000000, 0x00000000bd4c0000, 0x00000000c1200000)
  object space 21248K, 64% used [0x00000000bc000000,0x00000000bcd5f700,0x00000000bd4c0000)

Code Cache  [0x0000000002510000, 0x0000000002780000, 0x0000000005510000)
 total_blobs=615 nmethods=21 adapters=548 free_code_cache=49664192 largest_free_block=16384

Dynamic libraries:
0x0000000000400000 - 0x000000000042e000 	C:\Program Files\Java\jre6\bin\javaw.exe
0x0000000077b20000 - 0x0000000077cc9000 	C:\Windows\SYSTEM32\ntdll.dll
0x0000000077900000 - 0x0000000077a1f000 	C:\Windows\system32\kernel32.dll
0x000007fefdd30000 - 0x000007fefdd9c000 	C:\Windows\system32\KERNELBASE.dll
0x000007feffb10000 - 0x000007feffbeb000 	C:\Windows\system32\ADVAPI32.dll
0x000007feff210000 - 0x000007feff2af000 	C:\Windows\system32\msvcrt.dll
0x000007feffbf0000 - 0x000007feffc0f000 	C:\Windows\SYSTEM32\sechost.dll
0x000007fefeed0000 - 0x000007fefeffd000 	C:\Windows\system32\RPCRT4.dll
0x0000000077a20000 - 0x0000000077b1a000 	C:\Windows\system32\USER32.dll
0x000007fefde40000 - 0x000007fefdea7000 	C:\Windows\system32\GDI32.dll
0x000007feffe20000 - 0x000007feffe2e000 	C:\Windows\system32\LPK.dll
0x000007feff000000 - 0x000007feff0c9000 	C:\Windows\system32\USP10.dll
0x000007feff2b0000 - 0x000007feff2de000 	C:\Windows\system32\IMM32.DLL
0x000007fefec90000 - 0x000007fefed99000 	C:\Windows\system32\MSCTF.dll
0x000000006d7f0000 - 0x000000006dfa8000 	C:\Program Files\Java\jre6\bin\server\jvm.dll
0x000007fefae70000 - 0x000007fefaeab000 	C:\Windows\system32\WINMM.dll
0x000000006d760000 - 0x000000006d76e000 	C:\Program Files\Java\jre6\bin\verify.dll
0x000000006d3b0000 - 0x000000006d3d7000 	C:\Program Files\Java\jre6\bin\java.dll
0x0000000077cf0000 - 0x0000000077cf7000 	C:\Windows\system32\PSAPI.DLL
0x000000006d7b0000 - 0x000000006d7c2000 	C:\Program Files\Java\jre6\bin\zip.dll
0x000000006d000000 - 0x000000006d1c3000 	C:\Program Files\Java\jre6\bin\awt.dll
0x000007fefa600000 - 0x000007fefa671000 	C:\Windows\system32\WINSPOOL.DRV
0x000007feff3e0000 - 0x000007feff5e3000 	C:\Windows\system32\ole32.dll
0x000007fefdf00000 - 0x000007fefec88000 	C:\Windows\system32\SHELL32.dll
0x000007feffc20000 - 0x000007feffc91000 	C:\Windows\system32\SHLWAPI.dll
0x000007fefc210000 - 0x000007fefc404000 	C:\Windows\WinSxS\amd64_microsoft.windows.common-controls_6595b64144ccf1df_6.0.7601.17514_none_fa396087175ac9ac\COMCTL32.dll
0x000007fefb930000 - 0x000007fefb948000 	C:\Windows\system32\DWMAPI.DLL
0x000007fefbfb0000 - 0x000007fefc006000 	C:\Windows\system32\uxtheme.dll
0x000007fefd9a0000 - 0x000007fefd9af000 	C:\Windows\system32\CRYPTBASE.dll
0x000000006a5c0000 - 0x000000006a6b8000 	C:\Users\ahmet\AppData\Local\Temp\libgdx\80041558\gdx-64.dll
0x000000006d3f0000 - 0x000000006d3f7000 	C:\Program Files\Java\jre6\bin\jawt.dll
0x0000000010000000 - 0x0000000010007000 	C:\Users\ahmet\AppData\Local\Temp\libgdx\80041558\gluegen-rt-win64.dll
0x0000000073090000 - 0x0000000073159000 	C:\Windows\WinSxS\amd64_microsoft.vc80.crt_1fc8b3b9a1e18e3b_8.0.50727.4940_none_88df89932faf0bf6\MSVCR80.dll
0x0000000000390000 - 0x0000000000397000 	C:\Users\ahmet\AppData\Local\Temp\libgdx\80041558\jogl_awt-win64.dll
0x0000000001d50000 - 0x0000000001daa000 	C:\Users\ahmet\AppData\Local\Temp\libgdx\80041558\jogl-win64.dll
0x000007fef6150000 - 0x000007fef626d000 	C:\Windows\system32\OPENGL32.dll
0x000007fef6120000 - 0x000007fef614d000 	C:\Windows\system32\GLU32.dll
0x000007fef6020000 - 0x000007fef6111000 	C:\Windows\system32\DDRAW.dll
0x000007fef6010000 - 0x000007fef6018000 	C:\Windows\system32\DCIMAN32.dll
0x000007feff930000 - 0x000007feffb07000 	C:\Windows\system32\SETUPAPI.dll
0x000007fefddc0000 - 0x000007fefddf6000 	C:\Windows\system32\CFGMGR32.dll
0x000007feff850000 - 0x000007feff927000 	C:\Windows\system32\OLEAUT32.dll
0x000007fefdda0000 - 0x000007fefddba000 	C:\Windows\system32\DEVOBJ.dll
0x000000006d2a0000 - 0x000000006d306000 	C:\Program Files\Java\jre6\bin\fontmanager.dll
0x000007feeddd0000 - 0x000007feedfcf000 	C:\Windows\system32\d3d9.dll
0x000007fefc980000 - 0x000007fefc98c000 	C:\Windows\system32\VERSION.dll
0x000007fefc070000 - 0x000007fefc077000 	C:\Windows\system32\d3d8thk.dll
0x000007feebf10000 - 0x000007feecb5d000 	C:\Windows\system32\nvd3dumx.dll
0x000007fefc700000 - 0x000007fefc72c000 	C:\Windows\system32\powrprof.dll
0x0000000180000000 - 0x0000000180050000 	C:\Users\ahmet\AppData\Local\Temp\libgdx\80041558\lwjgl64.dll
0x00000000080f0000 - 0x0000000008143000 	C:\Users\ahmet\AppData\Local\Temp\libgdx\80041558\OpenAL64.dll
0x000007fef63f0000 - 0x000007fef6478000 	C:\Windows\system32\dsound.dll
0x000007feff170000 - 0x000007feff209000 	C:\Windows\system32\CLBCatQ.DLL
0x000007fefc580000 - 0x000007fefc5cb000 	C:\Windows\System32\MMDevApi.dll
0x000007fefc440000 - 0x000007fefc56c000 	C:\Windows\System32\PROPSYS.dll
0x000007fefab00000 - 0x000007fefab4f000 	C:\Windows\system32\AUDIOSES.DLL
0x000007fefc570000 - 0x000007fefc579000 	C:\Windows\system32\avrt.dll
0x000000000d730000 - 0x000000000eadf000 	C:\Windows\system32\nvoglv64.DLL
0x000007fefde00000 - 0x000007fefde3a000 	C:\Windows\system32\WINTRUST.dll
0x000007fefdbc0000 - 0x000007fefdd27000 	C:\Windows\system32\CRYPT32.dll
0x000007fefdb10000 - 0x000007fefdb1f000 	C:\Windows\system32\MSASN1.dll

VM Arguments:
jvm_args: -Dfile.encoding=Cp1254 
java_command: com.ahmet.b2d.Main
Launcher Type: SUN_STANDARD

Environment Variables:
PATH=C:\Program Files\Common Files\Microsoft Shared\Windows Live;C:\Program Files (x86)\Common Files\Microsoft Shared\Windows Live;C:\Program Files (x86)\PC Connectivity Solution\;C:\Program Files (x86)\NVIDIA Corporation\PhysX\Common;C:\Windows\system32;C:\Windows;C:\Windows\System32\Wbem;C:\Windows\System32\WindowsPowerShell\v1.0\;C:\Program Files (x86)\Microsoft SQL Server\100\Tools\Binn\;C:\Program Files\Microsoft SQL Server\100\Tools\Binn\;C:\Program Files\Microsoft SQL Server\100\DTS\Binn\;C:\Python26;C:\Windows\system32\wbem;C:\Program Files (x86)\IVT Corporation\BlueSoleil\Mobile;C:\Program Files (x86)\Windows Live\Shared
USERNAME=ahmet
OS=Windows_NT
PROCESSOR_IDENTIFIER=Intel64 Family 6 Model 30 Stepping 5, GenuineIntel



---------------  S Y S T E M  ---------------

OS: Windows 7 Build 7601 Service Pack 1

CPU:total 8 (4 cores per cpu, 2 threads per core) family 6 model 30 stepping 5, cmov, cx8, fxsr, mmx, sse, sse2, sse3, ssse3, sse4.1, sse4.2, popcnt, ht

Memory: 4k page, physical 4117020k(1342420k free), swap 8232192k(4851316k free)

vm_info: Java HotSpot(TM) 64-Bit Server VM (20.0-b11) for windows-amd64 JRE (1.6.0_25-b06), built on Apr 14 2011 00:44:38 by "java_re" with MS VC++ 8.0 (VS2005)

time: Wed Mar 21 02:28:50 2012
elapsed time: 0 seconds

