#
# A fatal error has been detected by the Java Runtime Environment:
#
#  EXCEPTION_ACCESS_VIOLATION (0xc0000005) at pc=0x000000006a5d5ac1, pid=2376, tid=5696
#
# JRE version: 6.0_25-b06
# Java VM: Java HotSpot(TM) 64-Bit Server VM (20.0-b11 mixed mode windows-amd64 compressed oops)
# Problematic frame:
# C  [gdx-64.dll+0x15ac1]
#
# If you would like to submit a bug report, please visit:
#   http://java.sun.com/webapps/bugreport/crash.jsp
# The crash happened outside the Java Virtual Machine in native code.
# See problematic frame for where to report the bug.
#

---------------  T H R E A D  ---------------

Current thread (0x00000000063d1000):  JavaThread "AWT-EventQueue-0" [_thread_in_native, id=5696, stack(0x0000000008120000,0x0000000008220000)]

siginfo: ExceptionCode=0xc0000005, reading address 0xffffffffffffffff

Registers:
RAX=0x000000006a62010a, RBX=0x000000000abc5c90, RCX=0x00000000063555f0, RDX=0x0000000007b80810
RSP=0x000000000821e5a0, RBP=0x000000000821e660, RSI=0x0000000007b80810, RDI=0x000000000821e660
R8 =0x000000000ac79870, R9 =0x000000000821e660, R10=0x0000000002581339, R11=0x000000006d9f24f0
R12=0x0000000000000000, R13=0x00000000bcd4eaf8, R14=0x000000000821e780, R15=0x00000000063d1000
RIP=0x000000006a5d5ac1, EFLAGS=0x0000000000010206

Top of Stack: (sp=0x000000000821e5a0)
0x000000000821e5a0:   00000000eba7ede8 000000000821e5a8
0x000000000821e5b0:   00000000bccb8739 000000000821e5f8
0x000000000821e5c0:   000000000ac79870 000000000ac79870
0x000000000821e5d0:   0000000007b80810 000000000abc5c90
0x000000000821e5e0:   000000000821e660 000000006a5c8879
0x000000000821e5f0:   0000000002575b22 00000000eba7ede8
0x000000000821e600:   00000000eba7ede8 00000000eba7ebb8
0x000000000821e610:   000000000821e610 00000000bcd4eaf8
0x000000000821e620:   00000000bccba418 0000000002575a0e
0x000000000821e630:   000000000821e738 000000006a5c896c
0x000000000821e640:   0000000000000000 fdedd936aef44530
0x000000000821e650:   000000000821e6c8 fdedd9cb432d739e
0x000000000821e660:   00000000063555f0 0000000000000000
0x000000000821e670:   000000003e4ccccd 000100003f800000
0x000000000821e680:   000000000000ffff 0000000000000000
0x000000000821e690:   00000000bcd41f48 0000000002581366 

Instructions: (pc=0x000000006a5d5ac1)
0x000000006a5d5aa1:   41 24 41 8b 41 1e 89 41 34 41 0f b7 41 22 66 89
0x000000006a5d5ab1:   41 38 41 0f b6 41 1c 88 41 3a 49 8b 09 48 8b 01
0x000000006a5d5ac1:   ff 50 10 48 8b 10 48 89 c1 48 89 43 18 ff 52 18
0x000000006a5d5ad1:   89 c2 89 c5 48 89 f1 c1 e2 05 e8 10 21 ff ff 85 


Register to memory mapping:

RAX=0x000000006a62010a is an unknown value
RBX=0x000000000abc5c90 is an unknown value
RCX=0x00000000063555f0 is an unknown value
RDX=0x0000000007b80810 is an unknown value
RSP=0x000000000821e5a0 is pointing into the stack for thread: 0x00000000063d1000
RBP=0x000000000821e660 is pointing into the stack for thread: 0x00000000063d1000
RSI=0x0000000007b80810 is an unknown value
RDI=0x000000000821e660 is pointing into the stack for thread: 0x00000000063d1000
R8 =0x000000000ac79870 is an unknown value
R9 =0x000000000821e660 is pointing into the stack for thread: 0x00000000063d1000
R10=0x0000000002581339 is an Interpreter codelet
method entry point (kind = native)  [0x00000000025810c0, 0x0000000002581940]  2176 bytes
R11=0x000000006d9f24f0 is an unknown value
R12=0x0000000000000000 is an unknown value
R13=0x00000000bcd4eaf8 is an oop
{method} 
 - klass: {other class}
R14=0x000000000821e780 is pointing into the stack for thread: 0x00000000063d1000
R15=0x00000000063d1000 is a thread


Stack: [0x0000000008120000,0x0000000008220000],  sp=0x000000000821e5a0,  free space=1017k
Native frames: (J=compiled Java code, j=interpreted, Vv=VM code, C=native code)
C  [gdx-64.dll+0x15ac1]  Java_com_badlogic_gdx_physics_box2d_World_getVelocityThreshold+0xe071

Java frames: (J=compiled Java code, j=interpreted, Vv=VM code)
j  com.badlogic.gdx.physics.box2d.Body.jniCreateFixture(JJF)J+0
j  com.badlogic.gdx.physics.box2d.Body.createFixture(Lcom/badlogic/gdx/physics/box2d/Shape;F)Lcom/badlogic/gdx/physics/box2d/Fixture;+10
j  com.ahmet.b2d.Game.createPhysicsWorld()V+320
j  com.ahmet.b2d.Game.create()V+113
j  com.badlogic.gdx.backends.jogl.JoglGraphics.init(Ljavax/media/opengl/GLAutoDrawable;)V+27
j  com.sun.opengl.impl.GLDrawableHelper.init(Ljavax/media/opengl/GLAutoDrawable;)V+29
j  javax.media.opengl.GLCanvas$InitAction.run()V+11
j  com.sun.opengl.impl.GLDrawableHelper.invokeGL(Ljavax/media/opengl/GLDrawable;Ljavax/media/opengl/GLContext;Ljava/lang/Runnable;Ljava/lang/Runnable;)V+370
j  javax.media.opengl.GLCanvas$DisplayOnEventDispatchThreadAction.run()V+35
j  java.awt.event.InvocationEvent.dispatch()V+11
j  java.awt.EventQueue.dispatchEventImpl(Ljava/awt/AWTEvent;Ljava/lang/Object;)V+21
j  java.awt.EventQueue.access$000(Ljava/awt/EventQueue;Ljava/awt/AWTEvent;Ljava/lang/Object;)V+3
j  java.awt.EventQueue$1.run()Ljava/lang/Void;+12
j  java.awt.EventQueue$1.run()Ljava/lang/Object;+1
v  ~StubRoutines::call_stub
j  java.security.AccessController.doPrivileged(Ljava/security/PrivilegedAction;Ljava/security/AccessControlContext;)Ljava/lang/Object;+0
j  java.security.AccessControlContext$1.doIntersectionPrivilege(Ljava/security/PrivilegedAction;Ljava/security/AccessControlContext;Ljava/security/AccessControlContext;)Ljava/lang/Object;+28
j  java.awt.EventQueue.dispatchEvent(Ljava/awt/AWTEvent;)V+46
j  java.awt.EventDispatchThread.pumpOneEventForFilters(I)Z+204
j  java.awt.EventDispatchThread.pumpEventsForFilter(ILjava/awt/Conditional;Ljava/awt/EventFilter;)V+30
j  java.awt.EventDispatchThread.pumpEventsForHierarchy(ILjava/awt/Conditional;Ljava/awt/Component;)V+11
j  java.awt.EventDispatchThread.pumpEvents(ILjava/awt/Conditional;)V+4
j  java.awt.EventDispatchThread.pumpEvents(Ljava/awt/Conditional;)V+3
j  java.awt.EventDispatchThread.run()V+9
v  ~StubRoutines::call_stub

---------------  P R O C E S S  ---------------

Java Threads: ( => current thread )
  0x00000000063d3800 JavaThread "D3D Screen Updater" daemon [_thread_blocked, id=4484, stack(0x000000000d350000,0x000000000d450000)]
  0x00000000063d2800 JavaThread "DestroyJavaVM" [_thread_blocked, id=5180, stack(0x0000000002470000,0x0000000002570000)]
  0x00000000063d2000 JavaThread "Thread-3" [_thread_blocked, id=2456, stack(0x000000000d050000,0x000000000d150000)]
=>0x00000000063d1000 JavaThread "AWT-EventQueue-0" [_thread_in_native, id=5696, stack(0x0000000008120000,0x0000000008220000)]
  0x00000000063d0800 JavaThread "AWT-Windows" daemon [_thread_in_native, id=2100, stack(0x0000000008020000,0x0000000008120000)]
  0x00000000063cf800 JavaThread "AWT-Shutdown" [_thread_blocked, id=4760, stack(0x0000000007f20000,0x0000000008020000)]
  0x00000000063cf000 JavaThread "Java2D Disposer" daemon [_thread_blocked, id=3976, stack(0x0000000007e20000,0x0000000007f20000)]
  0x00000000063ce800 JavaThread "Low Memory Detector" daemon [_thread_blocked, id=4688, stack(0x00000000074c0000,0x00000000075c0000)]
  0x00000000063e4000 JavaThread "C2 CompilerThread1" daemon [_thread_blocked, id=5164, stack(0x00000000073c0000,0x00000000074c0000)]
  0x00000000063e0800 JavaThread "C2 CompilerThread0" daemon [_thread_blocked, id=956, stack(0x00000000072c0000,0x00000000073c0000)]
  0x00000000063cd800 JavaThread "Attach Listener" daemon [_thread_blocked, id=2964, stack(0x00000000071c0000,0x00000000072c0000)]
  0x00000000063cd000 JavaThread "Signal Dispatcher" daemon [_thread_blocked, id=4072, stack(0x00000000070c0000,0x00000000071c0000)]
  0x000000000637c800 JavaThread "Finalizer" daemon [_thread_blocked, id=4640, stack(0x0000000006fc0000,0x00000000070c0000)]
  0x0000000006376000 JavaThread "Reference Handler" daemon [_thread_blocked, id=5784, stack(0x0000000006ec0000,0x0000000006fc0000)]

Other Threads:
  0x000000000636a800 VMThread [stack: 0x0000000006dc0000,0x0000000006ec0000] [id=940]
  0x000000000640d000 WatcherThread [stack: 0x00000000075c0000,0x00000000076c0000] [id=3628]

VM state:not at safepoint (normal execution)

VM Mutex/Monitor currently owned by a thread: None

Heap
 PSYoungGen      total 18816K, used 10245K [0x00000000eb0b0000, 0x00000000ec5a0000, 0x0000000100000000)
  eden space 16192K, 63% used [0x00000000eb0b0000,0x00000000ebab1590,0x00000000ec080000)
  from space 2624K, 0% used [0x00000000ec310000,0x00000000ec310000,0x00000000ec5a0000)
  to   space 2624K, 0% used [0x00000000ec080000,0x00000000ec080000,0x00000000ec310000)
 PSOldGen        total 42944K, used 0K [0x00000000c1200000, 0x00000000c3bf0000, 0x00000000eb0b0000)
  object space 42944K, 0% used [0x00000000c1200000,0x00000000c1200000,0x00000000c3bf0000)
 PSPermGen       total 21248K, used 13693K [0x00000000bc000000, 0x00000000bd4c0000, 0x00000000c1200000)
  object space 21248K, 64% used [0x00000000bc000000,0x00000000bcd5f770,0x00000000bd4c0000)

Code Cache  [0x0000000002570000, 0x00000000027e0000, 0x0000000005570000)
 total_blobs=615 nmethods=21 adapters=548 free_code_cache=49664384 largest_free_block=16384

Dynamic libraries:
0x0000000000400000 - 0x000000000042e000 	C:\Program Files\Java\jre6\bin\javaw.exe
0x0000000077150000 - 0x00000000772f9000 	C:\Windows\SYSTEM32\ntdll.dll
0x0000000076f30000 - 0x000000007704f000 	C:\Windows\system32\kernel32.dll
0x000007fefd380000 - 0x000007fefd3ec000 	C:\Windows\system32\KERNELBASE.dll
0x000007fefd470000 - 0x000007fefd54b000 	C:\Windows\system32\ADVAPI32.dll
0x000007fefec90000 - 0x000007fefed2f000 	C:\Windows\system32\msvcrt.dll
0x000007fefd550000 - 0x000007fefd56f000 	C:\Windows\SYSTEM32\sechost.dll
0x000007feff1b0000 - 0x000007feff2dd000 	C:\Windows\system32\RPCRT4.dll
0x0000000077050000 - 0x000000007714a000 	C:\Windows\system32\USER32.dll
0x000007fefeee0000 - 0x000007fefef47000 	C:\Windows\system32\GDI32.dll
0x000007fefed30000 - 0x000007fefed3e000 	C:\Windows\system32\LPK.dll
0x000007fefda10000 - 0x000007fefdad9000 	C:\Windows\system32\USP10.dll
0x000007fefd7d0000 - 0x000007fefd7fe000 	C:\Windows\system32\IMM32.DLL
0x000007fefea50000 - 0x000007fefeb59000 	C:\Windows\system32\MSCTF.dll
0x000000006d7f0000 - 0x000000006dfa8000 	C:\Program Files\Java\jre6\bin\server\jvm.dll
0x000007feface0000 - 0x000007fefad1b000 	C:\Windows\system32\WINMM.dll
0x000000006d760000 - 0x000000006d76e000 	C:\Program Files\Java\jre6\bin\verify.dll
0x000000006d3b0000 - 0x000000006d3d7000 	C:\Program Files\Java\jre6\bin\java.dll
0x0000000077320000 - 0x0000000077327000 	C:\Windows\system32\PSAPI.DLL
0x000000006d7b0000 - 0x000000006d7c2000 	C:\Program Files\Java\jre6\bin\zip.dll
0x000000006d000000 - 0x000000006d1c3000 	C:\Program Files\Java\jre6\bin\awt.dll
0x000007fef9b90000 - 0x000007fef9c01000 	C:\Windows\system32\WINSPOOL.DRV
0x000007fefd800000 - 0x000007fefda03000 	C:\Windows\system32\ole32.dll
0x000007fefdae0000 - 0x000007fefe868000 	C:\Windows\system32\SHELL32.dll
0x000007fefd750000 - 0x000007fefd7c1000 	C:\Windows\system32\SHLWAPI.dll
0x000007fefb870000 - 0x000007fefba64000 	C:\Windows\WinSxS\amd64_microsoft.windows.common-controls_6595b64144ccf1df_6.0.7601.17514_none_fa396087175ac9ac\COMCTL32.dll
0x000007fefb170000 - 0x000007fefb188000 	C:\Windows\system32\DWMAPI.DLL
0x000007fefb7c0000 - 0x000007fefb816000 	C:\Windows\system32\uxtheme.dll
0x000007fefcfd0000 - 0x000007fefcfdf000 	C:\Windows\system32\CRYPTBASE.dll
0x000000006a5c0000 - 0x000000006a6b8000 	C:\Users\ahmet\AppData\Local\Temp\libgdx\80041558\gdx-64.dll
0x000000006d3f0000 - 0x000000006d3f7000 	C:\Program Files\Java\jre6\bin\jawt.dll
0x0000000010000000 - 0x0000000010007000 	C:\Users\ahmet\AppData\Local\Temp\libgdx\80041558\gluegen-rt-win64.dll
0x0000000072520000 - 0x00000000725e9000 	C:\Windows\WinSxS\amd64_microsoft.vc80.crt_1fc8b3b9a1e18e3b_8.0.50727.4940_none_88df89932faf0bf6\MSVCR80.dll
0x0000000000390000 - 0x0000000000397000 	C:\Users\ahmet\AppData\Local\Temp\libgdx\80041558\jogl_awt-win64.dll
0x00000000005c0000 - 0x000000000061a000 	C:\Users\ahmet\AppData\Local\Temp\libgdx\80041558\jogl-win64.dll
0x000007fef5ca0000 - 0x000007fef5dbd000 	C:\Windows\system32\OPENGL32.dll
0x000007fef5c70000 - 0x000007fef5c9d000 	C:\Windows\system32\GLU32.dll
0x000007fef5b70000 - 0x000007fef5c61000 	C:\Windows\system32\DDRAW.dll
0x000007fef5b60000 - 0x000007fef5b68000 	C:\Windows\system32\DCIMAN32.dll
0x000007fefe870000 - 0x000007fefea47000 	C:\Windows\system32\SETUPAPI.dll
0x000007fefd3f0000 - 0x000007fefd426000 	C:\Windows\system32\CFGMGR32.dll
0x000007fefeb60000 - 0x000007fefec37000 	C:\Windows\system32\OLEAUT32.dll
0x000007fefd2c0000 - 0x000007fefd2da000 	C:\Windows\system32\DEVOBJ.dll
0x000000006d2a0000 - 0x000000006d306000 	C:\Program Files\Java\jre6\bin\fontmanager.dll
0x000007feef5f0000 - 0x000007feef7ef000 	C:\Windows\system32\d3d9.dll
0x000007fefc190000 - 0x000007fefc19c000 	C:\Windows\system32\VERSION.dll
0x000007fef3cc0000 - 0x000007fef3cc7000 	C:\Windows\system32\d3d8thk.dll
0x000007feea950000 - 0x000007feeb59d000 	C:\Windows\system32\nvd3dumx.dll
0x000007fefbd10000 - 0x000007fefbd3c000 	C:\Windows\system32\powrprof.dll
0x0000000180000000 - 0x0000000180050000 	C:\Users\ahmet\AppData\Local\Temp\libgdx\80041558\lwjgl64.dll
0x00000000062c0000 - 0x0000000006313000 	C:\Users\ahmet\AppData\Local\Temp\libgdx\80041558\OpenAL64.dll
0x000007fef5dc0000 - 0x000007fef5e48000 	C:\Windows\system32\dsound.dll
0x000007fefede0000 - 0x000007fefee79000 	C:\Windows\system32\CLBCatQ.DLL
0x000007fefbcc0000 - 0x000007fefbd0b000 	C:\Windows\System32\MMDevApi.dll
0x000007fefba80000 - 0x000007fefbbac000 	C:\Windows\System32\PROPSYS.dll
0x000007fefab20000 - 0x000007fefab6f000 	C:\Windows\system32\AUDIOSES.DLL
0x000000000d690000 - 0x000000000ea3f000 	C:\Windows\system32\nvoglv64.DLL
0x000007fefd430000 - 0x000007fefd46a000 	C:\Windows\system32\WINTRUST.dll
0x000007fefd150000 - 0x000007fefd2b7000 	C:\Windows\system32\CRYPT32.dll
0x000007fefd140000 - 0x000007fefd14f000 	C:\Windows\system32\MSASN1.dll
0x000007fefba70000 - 0x000007fefba79000 	C:\Windows\system32\avrt.dll

VM Arguments:
jvm_args: -Dfile.encoding=Cp1254 
java_command: com.ahmet.b2d.Main
Launcher Type: SUN_STANDARD

Environment Variables:
PATH=C:\Program Files\Common Files\Microsoft Shared\Windows Live;C:\Program Files (x86)\Common Files\Microsoft Shared\Windows Live;C:\Program Files (x86)\PC Connectivity Solution\;C:\Program Files (x86)\NVIDIA Corporation\PhysX\Common;C:\Windows\system32;C:\Windows;C:\Windows\System32\Wbem;C:\Windows\System32\WindowsPowerShell\v1.0\;C:\Program Files (x86)\Microsoft SQL Server\100\Tools\Binn\;C:\Program Files\Microsoft SQL Server\100\Tools\Binn\;C:\Program Files\Microsoft SQL Server\100\DTS\Binn\;C:\Python26;C:\Windows\system32\wbem;C:\Program Files (x86)\IVT Corporation\BlueSoleil\Mobile;C:\Program Files (x86)\Windows Live\Shared
USERNAME=ahmet
OS=Windows_NT
PROCESSOR_IDENTIFIER=Intel64 Family 6 Model 30 Stepping 5, GenuineIntel



---------------  S Y S T E M  ---------------

OS: Windows 7 Build 7601 Service Pack 1

CPU:total 8 (4 cores per cpu, 2 threads per core) family 6 model 30 stepping 5, cmov, cx8, fxsr, mmx, sse, sse2, sse3, ssse3, sse4.1, sse4.2, popcnt, ht

Memory: 4k page, physical 4117020k(1661416k free), swap 8232192k(5300104k free)

vm_info: Java HotSpot(TM) 64-Bit Server VM (20.0-b11) for windows-amd64 JRE (1.6.0_25-b06), built on Apr 14 2011 00:44:38 by "java_re" with MS VC++ 8.0 (VS2005)

time: Wed Mar 21 14:06:07 2012
elapsed time: 0 seconds

